android/build/intermediates/manifest_merge_blame_file/debug/manifest-merger-blame-debug-report.txt
1<?xml version="1.0" encoding="utf-8"?>
2<manifest xmlns:android="http://schemas.android.com/apk/res/android"
3    package="com.mygdx.game"
4    android:versionCode="1"
5    android:versionName="1.0" >
6
7    <uses-sdk
8        android:minSdkVersion="14"
8-->demoNew\android\AndroidManifest.xml
9        android:targetSdkVersion="33" />
9-->demoNew\android\AndroidManifest.xml
10
11    <uses-feature
11-->demoNew\android\AndroidManifest.xml:6:5-78
12        android:glEsVersion="0x00020000"
12-->demoNew\android\AndroidManifest.xml:6:19-51
13        android:required="true" />
13-->demoNew\android\AndroidManifest.xml:6:52-75
14
15    <uses-permission android:name="android.permission.VIBRATE" />
15-->demoNew\android\AndroidManifest.xml:7:5-65
15-->demoNew\android\AndroidManifest.xml:7:22-63
16
17    <application
17-->demoNew\android\AndroidManifest.xml:8:5-33:19
18        android:allowBackup="true"
18-->demoNew\android\AndroidManifest.xml:9:9-35
19        android:allowClearUserData="true"
19-->demoNew\android\AndroidManifest.xml:16:9-42
20        android:appCategory="game"
20-->demoNew\android\AndroidManifest.xml:13:9-35
21        android:debuggable="true"
22        android:fullBackupContent="true"
22-->demoNew\android\AndroidManifest.xml:10:9-41
23        android:hardwareAccelerated="true"
23-->demoNew\android\AndroidManifest.xml:17:9-43
24        android:icon="@drawable/ic_launcher"
24-->demoNew\android\AndroidManifest.xml:11:9-45
25        android:isGame="true"
25-->demoNew\android\AndroidManifest.xml:12:9-30
26        android:label="Coldspot"
26-->demoNew\android\AndroidManifest.xml:14:9-33
27        android:testOnly="true"
28        android:vmSafeMode="true" >
28-->demoNew\android\AndroidManifest.xml:15:9-34
29        <activity
29-->demoNew\android\AndroidManifest.xml:21:9-32:20
30            android:name="com.mygdx.game.AndroidLauncher"
30-->demoNew\android\AndroidManifest.xml:22:13-58
31            android:configChanges="keyboard|keyboardHidden|navigation|orientation|screenSize|screenLayout"
31-->demoNew\android\AndroidManifest.xml:26:13-107
32            android:exported="true"
32-->demoNew\android\AndroidManifest.xml:27:13-36
33            android:label="Coldspot"
33-->demoNew\android\AndroidManifest.xml:24:13-37
34            android:screenOrientation="landscape"
34-->demoNew\android\AndroidManifest.xml:25:13-50
35            android:theme="@android:style/Theme.Black.NoTitleBar" >
35-->demoNew\android\AndroidManifest.xml:23:13-66
36            <intent-filter>
36-->demoNew\android\AndroidManifest.xml:28:13-31:29
37                <action android:name="android.intent.action.MAIN" />
37-->demoNew\android\AndroidManifest.xml:29:17-69
37-->demoNew\android\AndroidManifest.xml:29:25-66
38
39                <category android:name="android.intent.category.LAUNCHER" />
39-->demoNew\android\AndroidManifest.xml:30:17-77
39-->demoNew\android\AndroidManifest.xml:30:27-74
40            </intent-filter>
41        </activity>
42    </application>
43
44</manifest>